[0.099s] DEBUG:colcon:Command line arguments: ['/usr/bin/colcon', 'build', '--symlink-install']
[0.099s] DEBUG:colcon:Parsed command line arguments: Namespace(log_base=None, log_level=None, verb_name='build', build_base='build', install_base='install', merge_install=False, symlink_install=True, test_result_base=None, continue_on_error=False, executor='parallel', parallel_workers=8, event_handlers=None, ignore_user_meta=False, metas=['./colcon.meta'], base_paths=['.'], packages_ignore=None, packages_ignore_regex=None, paths=None, packages_up_to=None, packages_up_to_regex=None, packages_above=None, packages_above_and_dependencies=None, packages_above_depth=None, packages_select_by_dep=None, packages_skip_by_dep=None, packages_skip_up_to=None, packages_select_build_failed=False, packages_skip_build_finished=False, packages_select_test_failures=False, packages_skip_test_passed=False, packages_select=None, packages_skip=None, packages_select_regex=None, packages_skip_regex=None, packages_start=None, packages_end=None, allow_overriding=[], cmake_args=None, cmake_target=None, cmake_target_skip_unavailable=False, cmake_clean_cache=False, cmake_clean_first=False, cmake_force_configure=False, ament_cmake_args=None, catkin_cmake_args=None, catkin_skip_building_tests=False, mixin_files=None, mixin=None, verb_parser=<colcon_mixin.mixin.mixin_argument.MixinArgumentDecorator object at 0x730db98efee0>, verb_extension=<colcon_core.verb.build.BuildVerb object at 0x730db98efa30>, main=<bound method BuildVerb.main of <colcon_core.verb.build.BuildVerb object at 0x730db98efa30>>, mixin_verb=('build',))
[0.235s] Level 1:colcon.colcon_core.package_discovery:discover_packages(colcon_meta) check parameters
[0.235s] Level 1:colcon.colcon_core.package_discovery:discover_packages(recursive) check parameters
[0.235s] Level 1:colcon.colcon_core.package_discovery:discover_packages(ignore) check parameters
[0.235s] Level 1:colcon.colcon_core.package_discovery:discover_packages(path) check parameters
[0.235s] Level 1:colcon.colcon_core.package_discovery:discover_packages(colcon_meta) discover
[0.235s] Level 1:colcon.colcon_core.package_discovery:discover_packages(recursive) discover
[0.235s] INFO:colcon.colcon_core.package_discovery:Crawling recursively for packages in '/home/roxana/Desktop/proiect_robot'
[0.235s] Level 1:colcon.colcon_core.package_identification:_identify(.) by extensions ['ignore', 'ignore_ament_install']
[0.236s] Level 1:colcon.colcon_core.package_identification:_identify(.) by extension 'ignore'
[0.236s] Level 1:colcon.colcon_core.package_identification:_identify(.) by extension 'ignore_ament_install'
[0.236s] Level 1:colcon.colcon_core.package_identification:_identify(.) by extensions ['colcon_pkg']
[0.236s] Level 1:colcon.colcon_core.package_identification:_identify(.) by extension 'colcon_pkg'
[0.236s] Level 1:colcon.colcon_core.package_identification:_identify(.) by extensions ['colcon_meta']
[0.236s] Level 1:colcon.colcon_core.package_identification:_identify(.) by extension 'colcon_meta'
[0.236s] Level 1:colcon.colcon_core.package_identification:_identify(.) by extensions ['ros']
[0.236s] Level 1:colcon.colcon_core.package_identification:_identify(.) by extension 'ros'
[0.244s] Level 1:colcon.colcon_core.package_identification:_identify(.) by extensions ['cmake', 'python']
[0.244s] Level 1:colcon.colcon_core.package_identification:_identify(.) by extension 'cmake'
[0.244s] Level 1:colcon.colcon_core.package_identification:_identify(.) by extension 'python'
[0.244s] Level 1:colcon.colcon_core.package_identification:_identify(.) by extensions ['python_setup_py']
[0.244s] Level 1:colcon.colcon_core.package_identification:_identify(.) by extension 'python_setup_py'
[0.244s] Level 1:colcon.colcon_core.package_identification:_identify(build) by extensions ['ignore', 'ignore_ament_install']
[0.244s] Level 1:colcon.colcon_core.package_identification:_identify(build) by extension 'ignore'
[0.244s] Level 1:colcon.colcon_core.package_identification:_identify(build) ignored
[0.245s] Level 1:colcon.colcon_core.package_identification:_identify(install) by extensions ['ignore', 'ignore_ament_install']
[0.245s] Level 1:colcon.colcon_core.package_identification:_identify(install) by extension 'ignore'
[0.245s] Level 1:colcon.colcon_core.package_identification:_identify(install) ignored
[0.245s] Level 1:colcon.colcon_core.package_identification:_identify(log) by extensions ['ignore', 'ignore_ament_install']
[0.245s] Level 1:colcon.colcon_core.package_identification:_identify(log) by extension 'ignore'
[0.245s] Level 1:colcon.colcon_core.package_identification:_identify(log) ignored
[0.245s] Level 1:colcon.colcon_core.package_identification:_identify(src) by extensions ['ignore', 'ignore_ament_install']
[0.245s] Level 1:colcon.colcon_core.package_identification:_identify(src) by extension 'ignore'
[0.245s] Level 1:colcon.colcon_core.package_identification:_identify(src) by extension 'ignore_ament_install'
[0.245s] Level 1:colcon.colcon_core.package_identification:_identify(src) by extensions ['colcon_pkg']
[0.245s] Level 1:colcon.colcon_core.package_identification:_identify(src) by extension 'colcon_pkg'
[0.245s] Level 1:colcon.colcon_core.package_identification:_identify(src) by extensions ['colcon_meta']
[0.245s] Level 1:colcon.colcon_core.package_identification:_identify(src) by extension 'colcon_meta'
[0.245s] Level 1:colcon.colcon_core.package_identification:_identify(src) by extensions ['ros']
[0.245s] Level 1:colcon.colcon_core.package_identification:_identify(src) by extension 'ros'
[0.245s] Level 1:colcon.colcon_core.package_identification:_identify(src) by extensions ['cmake', 'python']
[0.245s] Level 1:colcon.colcon_core.package_identification:_identify(src) by extension 'cmake'
[0.245s] Level 1:colcon.colcon_core.package_identification:_identify(src) by extension 'python'
[0.245s] Level 1:colcon.colcon_core.package_identification:_identify(src) by extensions ['python_setup_py']
[0.245s] Level 1:colcon.colcon_core.package_identification:_identify(src) by extension 'python_setup_py'
[0.245s] Level 1:colcon.colcon_core.package_identification:_identify(src/turtlebot3_football) by extensions ['ignore', 'ignore_ament_install']
[0.246s] Level 1:colcon.colcon_core.package_identification:_identify(src/turtlebot3_football) by extension 'ignore'
[0.246s] Level 1:colcon.colcon_core.package_identification:_identify(src/turtlebot3_football) by extension 'ignore_ament_install'
[0.246s] Level 1:colcon.colcon_core.package_identification:_identify(src/turtlebot3_football) by extensions ['colcon_pkg']
[0.246s] Level 1:colcon.colcon_core.package_identification:_identify(src/turtlebot3_football) by extension 'colcon_pkg'
[0.246s] Level 1:colcon.colcon_core.package_identification:_identify(src/turtlebot3_football) by extensions ['colcon_meta']
[0.246s] Level 1:colcon.colcon_core.package_identification:_identify(src/turtlebot3_football) by extension 'colcon_meta'
[0.246s] Level 1:colcon.colcon_core.package_identification:_identify(src/turtlebot3_football) by extensions ['ros']
[0.246s] Level 1:colcon.colcon_core.package_identification:_identify(src/turtlebot3_football) by extension 'ros'
[0.248s] DEBUG:colcon.colcon_core.package_identification:Package 'src/turtlebot3_football' with type 'ros.ament_python' and name 'turtlebot3_football'
[0.248s] Level 1:colcon.colcon_core.package_discovery:discover_packages(recursive) using defaults
[0.248s] Level 1:colcon.colcon_core.package_discovery:discover_packages(ignore) discover
[0.248s] Level 1:colcon.colcon_core.package_discovery:discover_packages(ignore) using defaults
[0.248s] Level 1:colcon.colcon_core.package_discovery:discover_packages(path) discover
[0.248s] Level 1:colcon.colcon_core.package_discovery:discover_packages(path) using defaults
[0.273s] Level 1:colcon.colcon_core.package_discovery:discover_packages(prefix_path) check parameters
[0.274s] Level 1:colcon.colcon_core.package_discovery:discover_packages(prefix_path) discover
[0.275s] DEBUG:colcon.colcon_installed_package_information.package_discovery:Found 1 installed packages in /home/roxana/Desktop/proiect_robot/install
[0.276s] DEBUG:colcon.colcon_installed_package_information.package_discovery:Found 18 installed packages in /home/roxana/ros2_ws/install
[0.278s] DEBUG:colcon.colcon_installed_package_information.package_discovery:Found 320 installed packages in /opt/ros/humble
[0.279s] Level 1:colcon.colcon_core.package_discovery:discover_packages(prefix_path) using defaults
[0.312s] Level 5:colcon.colcon_core.verb:set package 'turtlebot3_football' build argument 'cmake_args' from command line to 'None'
[0.312s] Level 5:colcon.colcon_core.verb:set package 'turtlebot3_football' build argument 'cmake_target' from command line to 'None'
[0.312s] Level 5:colcon.colcon_core.verb:set package 'turtlebot3_football' build argument 'cmake_target_skip_unavailable' from command line to 'False'
[0.312s] Level 5:colcon.colcon_core.verb:set package 'turtlebot3_football' build argument 'cmake_clean_cache' from command line to 'False'
[0.312s] Level 5:colcon.colcon_core.verb:set package 'turtlebot3_football' build argument 'cmake_clean_first' from command line to 'False'
[0.312s] Level 5:colcon.colcon_core.verb:set package 'turtlebot3_football' build argument 'cmake_force_configure' from command line to 'False'
[0.312s] Level 5:colcon.colcon_core.verb:set package 'turtlebot3_football' build argument 'ament_cmake_args' from command line to 'None'
[0.312s] Level 5:colcon.colcon_core.verb:set package 'turtlebot3_football' build argument 'catkin_cmake_args' from command line to 'None'
[0.312s] Level 5:colcon.colcon_core.verb:set package 'turtlebot3_football' build argument 'catkin_skip_building_tests' from command line to 'False'
[0.312s] DEBUG:colcon.colcon_core.verb:Building package 'turtlebot3_football' with the following arguments: {'ament_cmake_args': None, 'build_base': '/home/roxana/Desktop/proiect_robot/build/turtlebot3_football', 'catkin_cmake_args': None, 'catkin_skip_building_tests': False, 'cmake_args': None, 'cmake_clean_cache': False, 'cmake_clean_first': False, 'cmake_force_configure': False, 'cmake_target': None, 'cmake_target_skip_unavailable': False, 'install_base': '/home/roxana/Desktop/proiect_robot/install/turtlebot3_football', 'merge_install': False, 'path': '/home/roxana/Desktop/proiect_robot/src/turtlebot3_football', 'symlink_install': True, 'test_result_base': None}
[0.312s] INFO:colcon.colcon_core.executor:Executing jobs using 'parallel' executor
[0.313s] DEBUG:colcon.colcon_parallel_executor.executor.parallel:run_until_complete
[0.313s] INFO:colcon.colcon_ros.task.ament_python.build:Building ROS package in '/home/roxana/Desktop/proiect_robot/src/turtlebot3_football' with build type 'ament_python'
[0.313s] Level 1:colcon.colcon_core.shell:create_environment_hook('turtlebot3_football', 'ament_prefix_path')
[0.315s] INFO:colcon.colcon_core.plugin_system:Skipping extension 'colcon_core.shell.bat': Not used on non-Windows systems
[0.315s] INFO:colcon.colcon_core.shell:Creating environment hook '/home/roxana/Desktop/proiect_robot/install/turtlebot3_football/share/turtlebot3_football/hook/ament_prefix_path.ps1'
[0.316s] INFO:colcon.colcon_core.shell:Creating environment descriptor '/home/roxana/Desktop/proiect_robot/install/turtlebot3_football/share/turtlebot3_football/hook/ament_prefix_path.dsv'
[0.316s] INFO:colcon.colcon_core.shell:Creating environment hook '/home/roxana/Desktop/proiect_robot/install/turtlebot3_football/share/turtlebot3_football/hook/ament_prefix_path.sh'
[0.317s] INFO:colcon.colcon_core.shell:Skip shell extension 'powershell' for command environment: Not usable outside of PowerShell
[0.317s] DEBUG:colcon.colcon_core.shell:Skip shell extension 'dsv' for command environment
[0.538s] INFO:colcon.colcon_core.task.python.build:Building Python package in '/home/roxana/Desktop/proiect_robot/src/turtlebot3_football'
[0.538s] INFO:colcon.colcon_core.shell:Skip shell extension 'powershell' for command environment: Not usable outside of PowerShell
[0.538s] DEBUG:colcon.colcon_core.shell:Skip shell extension 'dsv' for command environment
[0.837s] DEBUG:colcon.colcon_core.event_handler.log_command:Invoking command in '/home/roxana/Desktop/proiect_robot/build/turtlebot3_football': PYTHONPATH=/home/roxana/Desktop/proiect_robot/build/turtlebot3_football/prefix_override:/usr/lib/python3/dist-packages/colcon_core/task/python/colcon_distutils_commands:/home/roxana/Desktop/proiect_robot/install/turtlebot3_football/lib/python3.10/site-packages:${PYTHONPATH} /usr/bin/python3 -W ignore:setup.py install is deprecated -W ignore:easy_install command is deprecated setup.py develop --editable --build-directory /home/roxana/Desktop/proiect_robot/build/turtlebot3_football/build --no-deps symlink_data
[1.232s] Level 1:colcon.colcon_core.shell:create_environment_hook('turtlebot3_football', 'pythonpath_develop')
[1.232s] INFO:colcon.colcon_core.shell:Creating environment hook '/home/roxana/Desktop/proiect_robot/build/turtlebot3_football/share/turtlebot3_football/hook/pythonpath_develop.ps1'
[1.233s] DEBUG:colcon.colcon_core.event_handler.log_command:Invoked command in '/home/roxana/Desktop/proiect_robot/build/turtlebot3_football' returned '0': PYTHONPATH=/home/roxana/Desktop/proiect_robot/build/turtlebot3_football/prefix_override:/usr/lib/python3/dist-packages/colcon_core/task/python/colcon_distutils_commands:/home/roxana/Desktop/proiect_robot/install/turtlebot3_football/lib/python3.10/site-packages:${PYTHONPATH} /usr/bin/python3 -W ignore:setup.py install is deprecated -W ignore:easy_install command is deprecated setup.py develop --editable --build-directory /home/roxana/Desktop/proiect_robot/build/turtlebot3_football/build --no-deps symlink_data
[1.233s] INFO:colcon.colcon_core.shell:Creating environment descriptor '/home/roxana/Desktop/proiect_robot/build/turtlebot3_football/share/turtlebot3_football/hook/pythonpath_develop.dsv'
[1.234s] INFO:colcon.colcon_core.shell:Creating environment hook '/home/roxana/Desktop/proiect_robot/build/turtlebot3_football/share/turtlebot3_football/hook/pythonpath_develop.sh'
[1.236s] Level 1:colcon.colcon_core.environment:checking '/home/roxana/Desktop/proiect_robot/install/turtlebot3_football' for CMake module files
[1.236s] Level 1:colcon.colcon_core.environment:checking '/home/roxana/Desktop/proiect_robot/install/turtlebot3_football' for CMake config files
[1.237s] Level 1:colcon.colcon_core.environment:checking '/home/roxana/Desktop/proiect_robot/install/turtlebot3_football/lib'
[1.237s] Level 1:colcon.colcon_core.environment:checking '/home/roxana/Desktop/proiect_robot/install/turtlebot3_football/bin'
[1.237s] Level 1:colcon.colcon_core.shell:create_environment_hook('turtlebot3_football', 'path')
[1.237s] INFO:colcon.colcon_core.shell:Creating environment hook '/home/roxana/Desktop/proiect_robot/install/turtlebot3_football/share/turtlebot3_football/hook/path.ps1'
[1.237s] INFO:colcon.colcon_core.shell:Creating environment descriptor '/home/roxana/Desktop/proiect_robot/install/turtlebot3_football/share/turtlebot3_football/hook/path.dsv'
[1.237s] INFO:colcon.colcon_core.shell:Creating environment hook '/home/roxana/Desktop/proiect_robot/install/turtlebot3_football/share/turtlebot3_football/hook/path.sh'
[1.238s] Level 1:colcon.colcon_core.environment:checking '/home/roxana/Desktop/proiect_robot/install/turtlebot3_football/lib/pkgconfig/turtlebot3_football.pc'
[1.238s] Level 1:colcon.colcon_core.environment:checking '/home/roxana/Desktop/proiect_robot/install/turtlebot3_football/lib/python3.10/site-packages'
[1.238s] Level 1:colcon.colcon_core.shell:create_environment_hook('turtlebot3_football', 'pythonpath')
[1.238s] INFO:colcon.colcon_core.shell:Creating environment hook '/home/roxana/Desktop/proiect_robot/install/turtlebot3_football/share/turtlebot3_football/hook/pythonpath.ps1'
[1.238s] INFO:colcon.colcon_core.shell:Creating environment descriptor '/home/roxana/Desktop/proiect_robot/install/turtlebot3_football/share/turtlebot3_football/hook/pythonpath.dsv'
[1.239s] INFO:colcon.colcon_core.shell:Creating environment hook '/home/roxana/Desktop/proiect_robot/install/turtlebot3_football/share/turtlebot3_football/hook/pythonpath.sh'
[1.239s] Level 1:colcon.colcon_core.environment:checking '/home/roxana/Desktop/proiect_robot/install/turtlebot3_football/bin'
[1.239s] Level 1:colcon.colcon_core.shell:create_environment_hook('turtlebot3_football', 'pythonscriptspath')
[1.239s] INFO:colcon.colcon_core.shell:Creating environment hook '/home/roxana/Desktop/proiect_robot/install/turtlebot3_football/share/turtlebot3_football/hook/pythonscriptspath.ps1'
[1.240s] INFO:colcon.colcon_core.shell:Creating environment descriptor '/home/roxana/Desktop/proiect_robot/install/turtlebot3_football/share/turtlebot3_football/hook/pythonscriptspath.dsv'
[1.240s] INFO:colcon.colcon_core.shell:Creating environment hook '/home/roxana/Desktop/proiect_robot/install/turtlebot3_football/share/turtlebot3_football/hook/pythonscriptspath.sh'
[1.240s] Level 1:colcon.colcon_core.environment:create_environment_scripts_only(turtlebot3_football)
[1.241s] INFO:colcon.colcon_core.shell:Creating package script '/home/roxana/Desktop/proiect_robot/install/turtlebot3_football/share/turtlebot3_football/package.ps1'
[1.241s] INFO:colcon.colcon_core.shell:Creating package descriptor '/home/roxana/Desktop/proiect_robot/install/turtlebot3_football/share/turtlebot3_football/package.dsv'
[1.242s] INFO:colcon.colcon_core.shell:Creating package script '/home/roxana/Desktop/proiect_robot/install/turtlebot3_football/share/turtlebot3_football/package.sh'
[1.243s] INFO:colcon.colcon_core.shell:Creating package script '/home/roxana/Desktop/proiect_robot/install/turtlebot3_football/share/turtlebot3_football/package.bash'
[1.243s] INFO:colcon.colcon_core.shell:Creating package script '/home/roxana/Desktop/proiect_robot/install/turtlebot3_football/share/turtlebot3_football/package.zsh'
[1.243s] Level 1:colcon.colcon_core.environment:create_file_with_runtime_dependencies(/home/roxana/Desktop/proiect_robot/install/turtlebot3_football/share/colcon-core/packages/turtlebot3_football)
[1.244s] DEBUG:colcon.colcon_parallel_executor.executor.parallel:closing loop
[1.244s] DEBUG:colcon.colcon_parallel_executor.executor.parallel:loop closed
[1.244s] DEBUG:colcon.colcon_parallel_executor.executor.parallel:run_until_complete finished with '0'
[1.244s] DEBUG:colcon.colcon_core.event_reactor:joining thread
[1.248s] INFO:colcon.colcon_core.plugin_system:Skipping extension 'colcon_notification.desktop_notification.terminal_notifier': Not used on non-Darwin systems
[1.248s] INFO:colcon.colcon_core.plugin_system:Skipping extension 'colcon_notification.desktop_notification.win32': Not used on non-Windows systems
[1.248s] INFO:colcon.colcon_notification.desktop_notification:Sending desktop notification using 'notify2'
[1.255s] DEBUG:colcon.colcon_core.event_reactor:joined thread
[1.255s] INFO:colcon.colcon_core.shell:Creating prefix script '/home/roxana/Desktop/proiect_robot/install/local_setup.ps1'
[1.256s] INFO:colcon.colcon_core.shell:Creating prefix util module '/home/roxana/Desktop/proiect_robot/install/_local_setup_util_ps1.py'
[1.257s] INFO:colcon.colcon_core.shell:Creating prefix chain script '/home/roxana/Desktop/proiect_robot/install/setup.ps1'
[1.259s] INFO:colcon.colcon_core.shell:Creating prefix script '/home/roxana/Desktop/proiect_robot/install/local_setup.sh'
[1.260s] INFO:colcon.colcon_core.shell:Creating prefix util module '/home/roxana/Desktop/proiect_robot/install/_local_setup_util_sh.py'
[1.260s] INFO:colcon.colcon_core.shell:Creating prefix chain script '/home/roxana/Desktop/proiect_robot/install/setup.sh'
[1.262s] INFO:colcon.colcon_core.shell:Creating prefix script '/home/roxana/Desktop/proiect_robot/install/local_setup.bash'
[1.262s] INFO:colcon.colcon_core.shell:Creating prefix chain script '/home/roxana/Desktop/proiect_robot/install/setup.bash'
[1.264s] INFO:colcon.colcon_core.shell:Creating prefix script '/home/roxana/Desktop/proiect_robot/install/local_setup.zsh'
[1.265s] INFO:colcon.colcon_core.shell:Creating prefix chain script '/home/roxana/Desktop/proiect_robot/install/setup.zsh'
